<?xml version="1.0" encoding="UTF-8"?>
<!-- Generated by org.testng.reporters.JUnitXMLReporter -->
<testsuite hostname="MU00142059" name="Command line test" tests="3" failures="0" timestamp="26 Apr 2018 04:49:04 GMT" time="344.716" errors="0">
  <testcase name="feature" time="159.726" classname="runner.TestRunner"/>
  <testcase name="feature" time="32.937" classname="runner.TestRunner"/>
  <testcase name="feature" time="151.784" classname="runner.TestRunner"/>
</testsuite> <!-- Command line test -->
